Release 14.7 - xst P.20131013 (nt64)
Copyright (c) 1995-2013 Xilinx, Inc.  All rights reserved.
--> Parameter TMPDIR set to xst/projnav.tmp


Total REAL time to Xst completion: 0.00 secs
Total CPU time to Xst completion: 0.11 secs
 
--> Parameter xsthdpdir set to xst


Total REAL time to Xst completion: 0.00 secs
Total CPU time to Xst completion: 0.13 secs
 
--> Reading design: ram_16x4s.prj

TABLE OF CONTENTS
  1) Synthesis Options Summary
  2) HDL Compilation
  3) Design Hierarchy Analysis
  4) HDL Analysis
  5) HDL Synthesis
     5.1) HDL Synthesis Report
  6) Advanced HDL Synthesis
     6.1) Advanced HDL Synthesis Report
  7) Low Level Synthesis
  8) Partition Report
  9) Final Report
	9.1) Device utilization summary
	9.2) Partition Resource Summary
	9.3) TIMING REPORT


=========================================================================
*                      Synthesis Options Summary                        *
=========================================================================
---- Source Parameters
Input File Name                    : "ram_16x4s.prj"
Input Format                       : mixed
Ignore Synthesis Constraint File   : NO

---- Target Parameters
Output File Name                   : "ram_16x4s"
Output Format                      : NGC
Target Device                      : xc3s250e-4-vq100

---- Source Options
Top Module Name                    : ram_16x4s
Automatic FSM Extraction           : YES
FSM Encoding Algorithm             : Auto
Safe Implementation                : No
FSM Style                          : LUT
RAM Extraction                     : Yes
RAM Style                          : Auto
ROM Extraction                     : Yes
Mux Style                          : Auto
Decoder Extraction                 : YES
Priority Encoder Extraction        : Yes
Shift Register Extraction          : YES
Logical Shifter Extraction         : YES
XOR Collapsing                     : YES
ROM Style                          : Auto
Mux Extraction                     : Yes
Resource Sharing                   : YES
Asynchronous To Synchronous        : NO
Multiplier Style                   : Auto
Automatic Register Balancing       : No

---- Target Options
Add IO Buffers                     : YES
Global Maximum Fanout              : 100000
Add Generic Clock Buffer(BUFG)     : 24
Register Duplication               : YES
Slice Packing                      : YES
Optimize Instantiated Primitives   : NO
Use Clock Enable                   : Yes
Use Synchronous Set                : Yes
Use Synchronous Reset              : Yes
Pack IO Registers into IOBs        : Auto
Equivalent register Removal        : YES

---- General Options
Optimization Goal                  : Speed
Optimization Effort                : 1
Keep Hierarchy                     : No
Netlist Hierarchy                  : As_Optimized
RTL Output                         : Yes
Global Optimization                : AllClockNets
Read Cores                         : YES
Write Timing Constraints           : NO
Cross Clock Analysis               : NO
Hierarchy Separator                : /
Bus Delimiter                      : <>
Case Specifier                     : Maintain
Slice Utilization Ratio            : 100
BRAM Utilization Ratio             : 100
Verilog 2001                       : YES
Auto BRAM Packing                  : NO
Slice Utilization Ratio Delta      : 5

---- Other Options
Cores Search Directories           : {"../../../DesignLab-1.0.8/libraries/Benchy" "../../../DesignLab-1.0.8/libraries/BitCoin_Miner" "../../../DesignLab-1.0.8/libraries/Building_Blocks" "../../../DesignLab-1.0.8/libraries/Clocks" "../../../DesignLab-1.0.8/libraries/Gameduino" "../../../DesignLab-1.0.8/libraries/HQVGA" "../../../DesignLab-1.0.8/libraries/Papilio_Hardware" "../../../DesignLab-1.0.8/libraries/RGB_Matrix" "../../../DesignLab-1.0.8/libraries/Robot_Control_Library" "../../../DesignLab-1.0.8/libraries/VGA_ZPUino" "../../../DesignLab-1.0.8/libraries/VGA_ZXSpectrum" "../../../DesignLab-1.0.8/libraries/ZPUino_2" "../../../DesignLab-1.0.8/libraries/ZPUino_Wishbone_Peripherals"  }

=========================================================================


=========================================================================
*                          HDL Compilation                              *
=========================================================================
Compiling vhdl file "C:/New_Blank_Circuit/circuit/Main.vhd" in Library work.
Architecture xilinx of Entity ram_16x1s is up to date.
Architecture xilinx of Entity ram_16x4s is up to date.

=========================================================================
*                     Design Hierarchy Analysis                         *
=========================================================================
Analyzing hierarchy for entity <ram_16x4s> in library <work> (architecture <xilinx>).

Analyzing hierarchy for entity <ram_16x1s> in library <work> (architecture <xilinx>) with generics.
	init_val = "FFFF"

Analyzing hierarchy for entity <ram_16x1s> in library <work> (architecture <xilinx>) with generics.
	init_val = "ABCD"

Analyzing hierarchy for entity <ram_16x1s> in library <work> (architecture <xilinx>) with generics.
	init_val = "BCDE"

Analyzing hierarchy for entity <ram_16x1s> in library <work> (architecture <xilinx>) with generics.
	init_val = "CDEF"


=========================================================================
*                            HDL Analysis                               *
=========================================================================
Analyzing Entity <ram_16x4s> in library <work> (Architecture <xilinx>).
Entity <ram_16x4s> analyzed. Unit <ram_16x4s> generated.

Analyzing generic Entity <ram_16x1s.1> in library <work> (Architecture <xilinx>).
	init_val = "FFFF"
WARNING:Xst:2211 - "C:/New_Blank_Circuit/circuit/Main.vhd" line 29: Instantiating black box module <RAM16X1S>.
    Set user-defined property "INIT =  FFFF" for instance <u1> in unit <ram_16x1s.1>.
Entity <ram_16x1s.1> analyzed. Unit <ram_16x1s.1> generated.

Analyzing generic Entity <ram_16x1s.2> in library <work> (Architecture <xilinx>).
	init_val = "ABCD"
WARNING:Xst:2211 - "C:/New_Blank_Circuit/circuit/Main.vhd" line 29: Instantiating black box module <RAM16X1S>.
    Set user-defined property "INIT =  ABCD" for instance <u1> in unit <ram_16x1s.2>.
Entity <ram_16x1s.2> analyzed. Unit <ram_16x1s.2> generated.

Analyzing generic Entity <ram_16x1s.3> in library <work> (Architecture <xilinx>).
	init_val = "BCDE"
WARNING:Xst:2211 - "C:/New_Blank_Circuit/circuit/Main.vhd" line 29: Instantiating black box module <RAM16X1S>.
    Set user-defined property "INIT =  BCDE" for instance <u1> in unit <ram_16x1s.3>.
Entity <ram_16x1s.3> analyzed. Unit <ram_16x1s.3> generated.

Analyzing generic Entity <ram_16x1s.4> in library <work> (Architecture <xilinx>).
	init_val = "CDEF"
WARNING:Xst:2211 - "C:/New_Blank_Circuit/circuit/Main.vhd" line 29: Instantiating black box module <RAM16X1S>.
    Set user-defined property "INIT =  CDEF" for instance <u1> in unit <ram_16x1s.4>.
Entity <ram_16x1s.4> analyzed. Unit <ram_16x1s.4> generated.


=========================================================================
*                           HDL Synthesis                               *
=========================================================================

Performing bidirectional port resolution...

Synthesizing Unit <ram_16x1s_1>.
    Related source file is "C:/New_Blank_Circuit/circuit/Main.vhd".
Unit <ram_16x1s_1> synthesized.


Synthesizing Unit <ram_16x1s_2>.
    Related source file is "C:/New_Blank_Circuit/circuit/Main.vhd".
Unit <ram_16x1s_2> synthesized.


Synthesizing Unit <ram_16x1s_3>.
    Related source file is "C:/New_Blank_Circuit/circuit/Main.vhd".
Unit <ram_16x1s_3> synthesized.


Synthesizing Unit <ram_16x1s_4>.
    Related source file is "C:/New_Blank_Circuit/circuit/Main.vhd".
Unit <ram_16x1s_4> synthesized.


Synthesizing Unit <ram_16x4s>.
    Related source file is "C:/New_Blank_Circuit/circuit/Main.vhd".
Unit <ram_16x4s> synthesized.


=========================================================================
HDL Synthesis Report

Found no macro
=========================================================================

=========================================================================
*                       Advanced HDL Synthesis                          *
=========================================================================


=========================================================================
Advanced HDL Synthesis Report

Found no macro
=========================================================================

=========================================================================
*                         Low Level Synthesis                           *
=========================================================================

Optimizing unit <ram_16x4s> ...

Mapping all equations...
Building and optimizing final netlist ...
Found area constraint ratio of 100 (+ 5) on block ram_16x4s, actual ratio is 0.

Final Macro Processing ...

=========================================================================
Final Register Report

Found no macro
=========================================================================

=========================================================================
*                           Partition Report                            *
=========================================================================

Partition Implementation Status
-------------------------------

  No Partitions were found in this design.

-------------------------------

=========================================================================
*                            Final Report                               *
=========================================================================
Final Results
RTL Top Level Output File Name     : ram_16x4s.ngr
Top Level Output File Name         : ram_16x4s
Output Format                      : NGC
Optimization Goal                  : Speed
Keep Hierarchy                     : No

Design Statistics
# IOs                              : 14

Cell Usage :
# RAMS                             : 4
#      RAM16X1S                    : 4
# Clock Buffers                    : 1
#      BUFGP                       : 1
# IO Buffers                       : 13
#      IBUF                        : 9
#      OBUF                        : 4
=========================================================================

Device utilization summary:
---------------------------

Selected Device : 3s250evq100-4 

 Number of Slices:                        2  out of   2448     0%  
 Number of 4 input LUTs:                  4  out of   4896     0%  
    Number used as logic:                 0
    Number used as RAMs:                  4
 Number of IOs:                          14
 Number of bonded IOBs:                  14  out of     66    21%  
 Number of GCLKs:                         1  out of     24     4%  

---------------------------
Partition Resource Summary:
---------------------------

  No Partitions were found in this design.

---------------------------


=========================================================================
TIMING REPORT

NOTE: THESE TIMING NUMBERS ARE ONLY A SYNTHESIS ESTIMATE.
      FOR ACCURATE TIMING INFORMATION PLEASE REFER TO THE TRACE REPORT
      GENERATED AFTER PLACE-and-ROUTE.

Clock Information:
------------------
-----------------------------------+------------------------+-------+
Clock Signal                       | Clock buffer(FF name)  | Load  |
-----------------------------------+------------------------+-------+
clk                                | BUFGP                  | 4     |
-----------------------------------+------------------------+-------+

Asynchronous Control Signals Information:
----------------------------------------
No asynchronous control signals found in this design

Timing Summary:
---------------
Speed Grade: -4

   Minimum period: No path found
   Minimum input arrival time before clock: 2.197ns
   Maximum output required time after clock: 5.593ns
   Maximum combinational path delay: 6.892ns

Timing Detail:
--------------
All values displayed in nanoseconds (ns)

=========================================================================
Timing constraint: Default OFFSET IN BEFORE for Clock 'clk'
  Total number of paths / destination ports: 24 / 24
-------------------------------------------------------------------------
Offset:              2.197ns (Levels of Logic = 1)
  Source:            we (PAD)
  Destination:       U0/u1 (RAM)
  Destination Clock: clk rising

  Data Path: we to U0/u1
                                Gate     Net
    Cell:in->out      fanout   Delay   Delay  Logical Name (Net Name)
    ----------------------------------------  ------------
     IBUF:I->O             4   1.218   0.587  we_IBUF (we_IBUF)
     RAM16X1S:WE               0.392          U0/u1
    ----------------------------------------
    Total                      2.197ns (1.610ns logic, 0.587ns route)
                                       (73.3% logic, 26.7% route)

=========================================================================
Timing constraint: Default OFFSET OUT AFTER for Clock 'clk'
  Total number of paths / destination ports: 4 / 4
-------------------------------------------------------------------------
Offset:              5.593ns (Levels of Logic = 1)
  Source:            U3/u1 (RAM)
  Destination:       o<3> (PAD)
  Source Clock:      clk rising

  Data Path: U3/u1 to o<3>
                                Gate     Net
    Cell:in->out      fanout   Delay   Delay  Logical Name (Net Name)
    ----------------------------------------  ------------
     RAM16X1S:WCLK->O      1   1.901   0.420  U3/u1 (o_3_OBUF)
     OBUF:I->O                 3.272          o_3_OBUF (o<3>)
    ----------------------------------------
    Total                      5.593ns (5.173ns logic, 0.420ns route)
                                       (92.5% logic, 7.5% route)

=========================================================================
Timing constraint: Default path analysis
  Total number of paths / destination ports: 16 / 4
-------------------------------------------------------------------------
Delay:               6.892ns (Levels of Logic = 3)
  Source:            a<0> (PAD)
  Destination:       o<3> (PAD)

  Data Path: a<0> to o<3>
                                Gate     Net
    Cell:in->out      fanout   Delay   Delay  Logical Name (Net Name)
    ----------------------------------------  ------------
     IBUF:I->O             8   1.218   0.757  a_0_IBUF (a_0_IBUF)
     RAM16X1S:A0->O        1   1.225   0.420  U0/u1 (o_0_OBUF)
     OBUF:I->O                 3.272          o_0_OBUF (o<0>)
    ----------------------------------------
    Total                      6.892ns (5.715ns logic, 1.177ns route)
                                       (82.9% logic, 17.1% route)

=========================================================================


Total REAL time to Xst completion: 5.00 secs
Total CPU time to Xst completion: 4.67 secs
 
--> 

Total memory usage is 307240 kilobytes

Number of errors   :    0 (   0 filtered)
Number of warnings :    4 (   0 filtered)
Number of infos    :    0 (   0 filtered)

